<?xml version="1.0" encoding="UTF-8"?>
<!-- Generated by org.testng.reporters.JUnitXMLReporter -->
<testsuite ignored="0" hostname="Ksk_Tej_Vadgal" failures="2" tests="4" name="Add data and delete data functionality" time="20.591" errors="0" timestamp="2024-02-28T15:34:34 EST">
  <testcase classname="org.techArk.tests.CRUD.ValidateAddAndDeleteData_Functionality" name="validateAddDataFunctionality" time="3.29"/>
  <testcase classname="org.techArk.tests.CRUD.ValidateAddAndDeleteData_Functionality" name="validateAddedDataInGetData" time="14.546">
    <failure type="java.lang.NullPointerException" message="Cannot invoke &amp;quot;org.techArk.responsePOJO.GetDataResponse.getId()&amp;quot; because &amp;quot;getDataResponse&amp;quot; is null">
      <![CDATA[java.lang.NullPointerException: Cannot invoke "org.techArk.responsePOJO.GetDataResponse.getId()" because "getDataResponse" is null
at org.techArk.tests.CRUD.ValidateAddAndDeleteData_Functionality.validateAddedDataInGetData(ValidateAddAndDeleteData_Functionality.java:64)
at java.base/java.util.ArrayList.forEach(ArrayList.java:1511)
... Removed 27 stack frames]]>
    </failure>
  </testcase> <!-- validateAddedDataInGetData -->
  <testcase classname="org.techArk.tests.CRUD.ValidateAddAndDeleteData_Functionality" name="validateDeleteData" time="2.433">
    <failure type="java.lang.IllegalStateException" message="Cannot parse object because no supported Content-Type was specified in response. Content-Type was &amp;apos;text/html; charset=utf-8&amp;apos;.">
      <![CDATA[java.lang.IllegalStateException: Cannot parse object because no supported Content-Type was specified in response. Content-Type was 'text/html; charset=utf-8'.
at org.codehaus.groovy.runtime.callsite.ConstructorSite$ConstructorSiteNoUnwrapNoCoerce.callConstructor(ConstructorSite.java:108)
at org.codehaus.groovy.runtime.callsite.CallSiteArray.defaultCallConstructor(CallSiteArray.java:58)
at org.codehaus.groovy.runtime.callsite.AbstractCallSite.callConstructor(AbstractCallSite.java:263)
at org.codehaus.groovy.runtime.callsite.AbstractCallSite.callConstructor(AbstractCallSite.java:277)
at io.restassured.internal.mapping.ObjectMapping.deserialize(ObjectMapping.groovy:95)
at io.restassured.internal.mapping.ObjectMapping$deserialize$0.call(Unknown Source)
at org.codehaus.groovy.runtime.callsite.CallSiteArray.defaultCall(CallSiteArray.java:46)
at io.restassured.internal.mapping.ObjectMapping$deserialize$0.call(Unknown Source)
at io.restassured.internal.RestAssuredResponseOptionsGroovyImpl.as(RestAssuredResponseOptionsGroovyImpl.groovy:231)
at io.restassured.internal.RestAssuredResponseOptionsImpl.as(RestAssuredResponseOptionsImpl.java:169)
at org.techArk.tests.CRUD.ValidateAddAndDeleteData_Functionality.validateDeleteData(ValidateAddAndDeleteData_Functionality.java:75)
at java.base/java.util.ArrayList.forEach(ArrayList.java:1511)
... Removed 33 stack frames]]>
    </failure>
  </testcase> <!-- validateDeleteData -->
  <testcase classname="org.techArk.tests.CRUD.ValidateAddAndDeleteData_Functionality" name="validateDeletedDataInGetData" time="0.0">
    <skipped/>
  </testcase> <!-- validateDeletedDataInGetData -->
</testsuite> <!-- Add data and delete data functionality -->
