<?xml version="1.0" encoding="UTF-8"?>
<!-- Generated by org.testng.reporters.JUnitXMLReporter -->
<testsuite ignored="0" hostname="Ksk_Tej_Vadgal" failures="0" tests="2" name="Login functionality" time="9.107" errors="0" timestamp="2024-03-01T13:01:18 EST">
  <testcase classname="org.techArk.tests.login.ValidateLoginAPI_Functionality" name="validateLoginWithValidCredentials" time="7.638"/>
  <testcase classname="org.techArk.tests.login.ValidateLoginAPI_Functionality" name="validateLoginWithInValidCredentials" time="0.427"/>
</testsuite> <!-- Login functionality -->
