<?xml version="1.0" encoding="UTF-8"?>
<!-- Generated by org.testng.reporters.JUnitXMLReporter -->
<testsuite hostname="LAPTOP-6I37K8RN" ignored="0" name="Add data and delete data functionality" tests="4" failures="0" timestamp="2023-02-27T22:43:47 IST" time="19.142" errors="0">
  <testcase name="validateAddDataFunctionality" time="3.565" classname="org.techArk.addDataAndDeleteData.ValidateDeleteData_Functionality"/>
  <testcase name="validateAddedDataInGetData" time="6.434" classname="org.techArk.addDataAndDeleteData.ValidateDeleteData_Functionality"/>
  <testcase name="validateDeleteData" time="2.363" classname="org.techArk.addDataAndDeleteData.ValidateDeleteData_Functionality"/>
  <testcase name="validateDeletedDataInGetData" time="5.701" classname="org.techArk.addDataAndDeleteData.ValidateDeleteData_Functionality"/>
</testsuite> <!-- Add data and delete data functionality -->
