<?xml version="1.0" encoding="UTF-8"?>
<!-- Generated by org.testng.reporters.JUnitXMLReporter -->
<testsuite hostname="LAPTOP-6I37K8RN" ignored="0" name="Login functionality" tests="2" failures="0" timestamp="2023-02-27T22:43:27 IST" time="7.376" errors="0">
  <testcase name="validateLoginWithValidCredentials" time="5.411" classname="org.techArk.login.ValidateLoginAPI_Functionality"/>
  <testcase name="validateLoginWithInValidCredentials" time="0.601" classname="org.techArk.login.ValidateLoginAPI_Functionality"/>
</testsuite> <!-- Login functionality -->
